<?xml version='1.0'?>
<ns2:test-suite xmlns:ns2='urn:model.allure.qatools.yandex.ru' start='1669807739480' stop='1669807763732'>
    <name>Bootcamp E2E: Search bar</name>
    <title>Bootcamp E2E: Search bar</title>
    <test-cases>
        <test-case start='1669807739483' status='passed' stop='1669807739489'>
            <name></name>
            <title></title>
            <labels>
                <label name='language' value='javascript'/>
                <label name='framework' value='wdio'/>
                <label name='thread' value='0-0'/>
            </labels>
            <parameters>
                <parameter kind='argument' name='browser' value='chrome-107.0.5304.122'/>
            </parameters>
            <steps/>
            <attachments/>
        </test-case>
        <test-case start='1669807739490' status='passed' stop='1669807752338'>
            <name>Given Open the home page</name>
            <title>Given Open the home page</title>
            <labels>
                <label name='language' value='javascript'/>
                <label name='framework' value='wdio'/>
                <label name='thread' value='0-0'/>
            </labels>
            <parameters>
                <parameter kind='argument' name='browser' value='chrome-107.0.5304.122'/>
            </parameters>
            <steps>
                <step start='1669807739500' status='passed' stop='1669807752331'>
                    <name>POST /session/:sessionId/url</name>
                    <title>POST /session/:sessionId/url</title>
                    <attachments>
                        <attachment title='Request' source='d06aa906-95f4-4676-ba8e-d0ccac7dcf6c-attachment.json' type='application/json' size='38'/>
                    </attachments>
                    <steps/>
                </step>
            </steps>
            <attachments/>
        </test-case>
        <test-case start='1669807752339' status='broken' stop='1669807763719'>
            <name>When Enter the word Windows in the search bar</name>
            <title>When Enter the word Windows in the search bar</title>
            <labels>
                <label name='language' value='javascript'/>
                <label name='framework' value='wdio'/>
                <label name='thread' value='0-0'/>
            </labels>
            <parameters>
                <parameter kind='argument' name='browser' value='chrome-107.0.5304.122'/>
            </parameters>
            <steps>
                <step start='1669807752353' status='passed' stop='1669807752754'>
                    <name>POST /session/:sessionId/element</name>
                    <title>POST /session/:sessionId/element</title>
                    <attachments>
                        <attachment title='Request' source='588838ee-225b-41d2-b6dd-87de799d53ae-attachment.json' type='application/json' size='236'/>
                        <attachment title='Response' source='6915fbe5-b9b3-435e-a824-a1302711c478-attachment.json' type='application/json' size='83'/>
                    </attachments>
                    <steps/>
                </step>
                <step start='1669807752790' status='passed' stop='1669807755681'>
                    <name>POST /session/:sessionId/element/aa54867d-6667-460a-bc01-64fa1ab956a2/clear</name>
                    <title>POST /session/:sessionId/element/aa54867d-6667-460a-bc01-64fa1ab956a2/clear</title>
                    <attachments/>
                    <steps/>
                </step>
                <step start='1669807755717' status='passed' stop='1669807757966'>
                    <name>POST /session/:sessionId/element/aa54867d-6667-460a-bc01-64fa1ab956a2/value</name>
                    <title>POST /session/:sessionId/element/aa54867d-6667-460a-bc01-64fa1ab956a2/value</title>
                    <attachments>
                        <attachment title='Request' source='a5dd8fb0-a646-4c17-a593-2641a764f6ab-attachment.json' type='application/json' size='23'/>
                    </attachments>
                    <steps/>
                </step>
                <step start='1669807757968' status='passed' stop='1669807758673'>
                    <name>POST /session/:sessionId/element</name>
                    <title>POST /session/:sessionId/element</title>
                    <attachments>
                        <attachment title='Request' source='b94432b7-ed86-4369-85a0-b97c6b5d5940-attachment.json' type='application/json' size='217'/>
                        <attachment title='Response' source='c5498a53-cd98-4098-a00f-ec307e500be2-attachment.json' type='application/json' size='83'/>
                    </attachments>
                    <steps/>
                </step>
                <step start='1669807758686' status='broken' stop='1669807763718'>
                    <name>POST /session/:sessionId/element/068ca6a6-94bd-4153-a3e8-a10317352e2e/click</name>
                    <title>POST /session/:sessionId/element/068ca6a6-94bd-4153-a3e8-a10317352e2e/click</title>
                    <attachments/>
                    <steps/>
                </step>
            </steps>
            <attachments/>
            <failure>
                <message>element click intercepted: element click intercepted: Element &lt;button class="ico ico-search">...&lt;/button> is not clickable at point (481, 40). Other element would receive the click: &lt;img class="modal-Website-img" src="https://promotions.newegg.com/22-2133/Homepage_Popup_Desktop.png" alt="CYBER MONDAY EXTENDED"></message>
                <stack-trace>element click intercepted: element click intercepted: Element &lt;button class="ico ico-search">...&lt;/button> is not clickable at point (481, 40). Other element would receive the click: &lt;img class="modal-Website-img" src="https://promotions.newegg.com/22-2133/Homepage_Popup_Desktop.png" alt="CYBER MONDAY EXTENDED">
                  (Session info: chrome=107.0.5304.122)
                    at getErrorFromResponseBody (C:\Users\Użytkownik\Desktop\gitLesson\TA-Bootcamp-E2E\node_modules\webdriver\build\utils.js:198:12)
                    at NodeJSRequest._request (C:\Users\Użytkownik\Desktop\gitLesson\TA-Bootcamp-E2E\node_modules\webdriver\build\request\index.js:166:60)
                    at process.processTicksAndRejections (node:internal/process/task_queues:95:5)
                    at async Element.wrapCommandFn (C:\Users\Użytkownik\Desktop\gitLesson\TA-Bootcamp-E2E\node_modules\@wdio\utils\build\shim.js:137:29)
                    at async Element.wrapCommandFn (C:\Users\Użytkownik\Desktop\gitLesson\TA-Bootcamp-E2E\node_modules\@wdio\utils\build\shim.js:137:29)
                    at async Element.elementErrorHandlerCallbackFn (C:\Users\Użytkownik\Desktop\gitLesson\TA-Bootcamp-E2E\node_modules\webdriverio\build\middlewares.js:24:32)
                    at async Element.wrapCommandFn (C:\Users\Użytkownik\Desktop\gitLesson\TA-Bootcamp-E2E\node_modules\@wdio\utils\build\shim.js:137:29)
                    at async Element.wrapCommandFn (C:\Users\Użytkownik\Desktop\gitLesson\TA-Bootcamp-E2E\node_modules\@wdio\utils\build\shim.js:137:29)
                    at async Element.elementErrorHandlerCallbackFn (C:\Users\Użytkownik\Desktop\gitLesson\TA-Bootcamp-E2E\node_modules\webdriverio\build\middlewares.js:24:32)
                    at async Element.wrapCommandFn (C:\Users\Użytkownik\Desktop\gitLesson\TA-Bootcamp-E2E\node_modules\@wdio\utils\build\shim.js:137:29)</stack-trace>
            </failure>
        </test-case>
        <test-case start='1669807763719' status='broken' stop='1669807763722'>
            <name>* Click the search</name>
            <title>* Click the search</title>
            <labels>
                <label name='language' value='javascript'/>
                <label name='framework' value='wdio'/>
                <label name='thread' value='0-0'/>
            </labels>
            <parameters>
                <parameter kind='argument' name='browser' value='chrome-107.0.5304.122'/>
            </parameters>
            <steps/>
            <attachments/>
            <failure>
                <message>Step "Click the search" is not defined. You can ignore this error by setting cucumberOpts.ignoreUndefinedDefinitions as true.</message>
                <stack-trace>Step "Click the search" is not defined. You can ignore this error by setting cucumberOpts.ignoreUndefinedDefinitions as true.
                	at Feature(C:\Users\Użytkownik\Desktop\gitLesson\TA-Bootcamp-E2E\features\bootcamp.feature):1:1
                	at Scenario(Search bar):8:5
                	at Step(Click the search):10:9
                </stack-trace>
            </failure>
        </test-case>
        <test-case start='1669807763722' status='pending' stop='1669807763724'>
            <name>Then I see at least one item</name>
            <title>Then I see at least one item</title>
            <labels>
                <label name='language' value='javascript'/>
                <label name='framework' value='wdio'/>
                <label name='thread' value='0-0'/>
            </labels>
            <parameters>
                <parameter kind='argument' name='browser' value='chrome-107.0.5304.122'/>
            </parameters>
            <steps/>
            <attachments/>
        </test-case>
        <test-case start='1669807763726' status='passed' stop='1669807763728'>
            <name></name>
            <title></title>
            <labels>
                <label name='language' value='javascript'/>
                <label name='framework' value='wdio'/>
                <label name='thread' value='0-0'/>
            </labels>
            <parameters>
                <parameter kind='argument' name='browser' value='chrome-107.0.5304.122'/>
            </parameters>
            <steps/>
            <attachments/>
        </test-case>
    </test-cases>
</ns2:test-suite>